# JRE version: Java(TM) SE Runtime Environment (8.0_112-b16) (build 1.8.0_112-b16)
# Java VM: Java HotSpot(TM) 64-Bit Server VM (25.112-b16 mixed mode bsd-amd64 compressed oops)
Heap:
 garbage-first heap   total 262144K, used 220019K [0x0000000780000000, 0x0000000780100800, 0x00000007c0000000)
  region size 1024K, 138 young (141312K), 5 survivors (5120K)
 Metaspace       used 109429K, capacity 119810K, committed 120168K, reserved 1153024K
  class space    used 13133K, capacity 16189K, committed 16332K, reserved 1048576K
GC Heap History (10 events):
Event: 11106.037 GC heap before
{Heap before GC invocations=96 (full 0):
 garbage-first heap   total 262144K, used 225000K [0x0000000780000000, 0x0000000780100800, 0x00000007c0000000)
  region size 1024K, 142 young (145408K), 4 survivors (4096K)
 Metaspace       used 109195K, capacity 119244K, committed 119656K, reserved 1153024K
  class space    used 13127K, capacity 16180K, committed 16332K, reserved 1048576K
Event: 11106.052 GC heap after
Heap after GC invocations=97 (full 0):
 garbage-first heap   total 262144K, used 83870K [0x0000000780000000, 0x0000000780100800, 0x00000007c0000000)
  region size 1024K, 4 young (4096K), 4 survivors (4096K)
 Metaspace       used 109195K, capacity 119244K, committed 119656K, reserved 1153024K
  class space    used 13127K, capacity 16180K, committed 16332K, reserved 1048576K
}
Event: 11158.628 GC heap before
{Heap before GC invocations=97 (full 0):
 garbage-first heap   total 262144K, used 226206K [0x0000000780000000, 0x0000000780100800, 0x00000007c0000000)
  region size 1024K, 143 young (146432K), 4 survivors (4096K)
 Metaspace       used 109204K, capacity 119244K, committed 119656K, reserved 1153024K
  class space    used 13127K, capacity 16180K, committed 16332K, reserved 1048576K
Event: 11158.638 GC heap after
Heap after GC invocations=98 (full 0):
 garbage-first heap   total 262144K, used 84444K [0x0000000780000000, 0x0000000780100800, 0x00000007c0000000)
  region size 1024K, 4 young (4096K), 4 survivors (4096K)
 Metaspace       used 109204K, capacity 119244K, committed 119656K, reserved 1153024K
  class space    used 13127K, capacity 16180K, committed 16332K, reserved 1048576K
}
Event: 11346.289 GC heap before
{Heap before GC invocations=98 (full 0):
 garbage-first heap   total 262144K, used 227804K [0x0000000780000000, 0x0000000780100800, 0x00000007c0000000)
  region size 1024K, 144 young (147456K), 4 survivors (4096K)
 Metaspace       used 109280K, capacity 119426K, committed 119912K, reserved 1153024K
  class space    used 13133K, capacity 16189K, committed 16332K, reserved 1048576K
Event: 11346.315 GC heap after
Heap after GC invocations=99 (full 0):
 garbage-first heap   total 262144K, used 83740K [0x0000000780000000, 0x0000000780100800, 0x00000007c0000000)
  region size 1024K, 4 young (4096K), 4 survivors (4096K)
 Metaspace       used 109280K, capacity 119426K, committed 119912K, reserved 1153024K
  class space    used 13133K, capacity 16189K, committed 16332K, reserved 1048576K
}
Event: 11389.183 GC heap before
{Heap before GC invocations=99 (full 0):
 garbage-first heap   total 262144K, used 228124K [0x0000000780000000, 0x0000000780100800, 0x00000007c0000000)
  region size 1024K, 145 young (148480K), 4 survivors (4096K)
 Metaspace       used 109351K, capacity 119618K, committed 119912K, reserved 1153024K
  class space    used 13133K, capacity 16189K, committed 16332K, reserved 1048576K
Event: 11389.195 GC heap after
Heap after GC invocations=100 (full 0):
 garbage-first heap   total 262144K, used 82876K [0x0000000780000000, 0x0000000780100800, 0x00000007c0000000)
  region size 1024K, 3 young (3072K), 3 survivors (3072K)
 Metaspace       used 109351K, capacity 119618K, committed 119912K, reserved 1153024K
  class space    used 13133K, capacity 16189K, committed 16332K, reserved 1048576K
}
Event: 11414.983 GC heap before
{Heap before GC invocations=100 (full 0):
 garbage-first heap   total 262144K, used 229308K [0x0000000780000000, 0x0000000780100800, 0x00000007c0000000)
  region size 1024K, 146 young (149504K), 3 survivors (3072K)
 Metaspace       used 109394K, capacity 119682K, committed 120168K, reserved 1153024K
  class space    used 13133K, capacity 16189K, committed 16332K, reserved 1048576K
Event: 11414.997 GC heap after
Heap after GC invocations=101 (full 0):
 garbage-first heap   total 262144K, used 84851K [0x0000000780000000, 0x0000000780100800, 0x00000007c0000000)
  region size 1024K, 5 young (5120K), 5 survivors (5120K)
 Metaspace       used 109394K, capacity 119682K, committed 120168K, reserved 1153024K
  class space    used 13133K, capacity 16189K, committed 16332K, reserved 1048576K
}

